<?xml version="1.0" encoding="UTF-8"?>
<coverage generated="1725872286650" clover="3.2.0">
  <project timestamp="1725872286650" name="All files">
    <metrics statements="18" coveredstatements="13" conditionals="21" coveredconditionals="8" methods="7" coveredmethods="2" elements="46" coveredelements="23" complexity="0" loc="18" ncloc="18" packages="3" files="5" classes="5"/>
    <package name="components">
      <metrics statements="10" coveredstatements="6" conditionals="17" coveredconditionals="6" methods="6" coveredmethods="1"/>
      <file name="CarList.jsx" path="C:\Users\achfa.ruapensa\code\car-rental-expo\components\CarList.jsx">
        <metrics statements="3" coveredstatements="2" conditionals="1" coveredconditionals="0" methods="2" coveredmethods="0"/>
        <line num="6" count="1" type="stmt"/>
        <line num="14" count="0" type="stmt"/>
        <line num="44" count="1" type="stmt"/>
      </file>
      <file name="Grid.jsx" path="C:\Users\achfa.ruapensa\code\car-rental-expo\components\Grid.jsx">
        <metrics statements="4" coveredstatements="1" conditionals="5" coveredconditionals="0" methods="3" coveredmethods="0"/>
        <line num="5" count="0" type="stmt"/>
        <line num="13" count="0" type="stmt"/>
        <line num="27" count="0" type="stmt"/>
        <line num="34" count="1" type="stmt"/>
      </file>
      <file name="ThemedText.tsx" path="C:\Users\achfa.ruapensa\code\car-rental-expo\components\ThemedText.tsx">
        <metrics statements="3" coveredstatements="3" conditionals="11" coveredconditionals="6" methods="1" coveredmethods="1"/>
        <line num="18" count="1" type="stmt"/>
        <line num="20" count="1" type="stmt"/>
        <line num="36" count="1" type="stmt"/>
      </file>
    </package>
    <package name="constants">
      <metrics statements="3" coveredstatements="3" conditionals="0" coveredconditionals="0" methods="0" coveredmethods="0"/>
      <file name="Colors.ts" path="C:\Users\achfa.ruapensa\code\car-rental-expo\constants\Colors.ts">
        <metrics statements="3" coveredstatements="3" conditionals="0" coveredconditionals="0" methods="0" coveredmethods="0"/>
        <line num="6" count="1" type="stmt"/>
        <line num="7" count="1" type="stmt"/>
        <line num="9" count="1" type="stmt"/>
      </file>
    </package>
    <package name="hooks">
      <metrics statements="5" coveredstatements="4" conditionals="4" coveredconditionals="2" methods="1" coveredmethods="1"/>
      <file name="useThemeColor.ts" path="C:\Users\achfa.ruapensa\code\car-rental-expo\hooks\useThemeColor.ts">
        <metrics statements="5" coveredstatements="4" conditionals="4" coveredconditionals="2" methods="1" coveredmethods="1"/>
        <line num="14" count="1" type="cond" truecount="1" falsecount="1"/>
        <line num="15" count="1" type="stmt"/>
        <line num="17" count="1" type="cond" truecount="1" falsecount="1"/>
        <line num="18" count="0" type="stmt"/>
        <line num="20" count="1" type="stmt"/>
      </file>
    </package>
  </project>
</coverage>
