{"C:\\Users\\achfa.ruapensa\\code\\car-rental-expo\\components\\CarList.jsx": {"path":"C:\\Users\\achfa.ruapensa\\code\\car-rental-expo\\components\\CarList.jsx","statementMap":{"0":{"start":{"line":6,"column":23},"end":{"line":9,"column":2}},"1":{"start":{"line":14,"column":2},"end":{"line":41,"column":4}},"2":{"start":{"line":44,"column":15},"end":{"line":80,"column":2}}},"fnMap":{"0":{"name":"CarList","decl":{"start":{"line":11,"column":24},"end":{"line":11,"column":31}},"loc":{"start":{"line":13,"column":2},"end":{"line":42,"column":1}},"line":13},"1":{"name":"(anonymous_1)","decl":{"start":{"line":12,"column":10},"end":{"line":12,"column":11}},"loc":{"start":{"line":12,"column":14},"end":{"line":12,"column":16}},"line":12}},"branchMap":{"0":{"loc":{"start":{"line":12,"column":2},"end":{"line":12,"column":16}},"type":"default-arg","locations":[{"start":{"line":12,"column":10},"end":{"line":12,"column":16}}],"line":12}},"s":{"0":1,"1":0,"2":1},"f":{"0":0,"1":0},"b":{"0":[0]},"_coverageSchema":"1a1c01bbd47fc00a2c39e90264f33305004495a9","hash":"c4a09294d228296c2bf1412094863bdb69ef1c93"}
,"C:\\Users\\achfa.ruapensa\\code\\car-rental-expo\\components\\Grid.jsx": {"path":"C:\\Users\\achfa.ruapensa\\code\\car-rental-expo\\components\\Grid.jsx","statementMap":{"0":{"start":{"line":5,"column":2},"end":{"line":9,"column":3}},"1":{"start":{"line":13,"column":4},"end":{"line":23,"column":5}},"2":{"start":{"line":27,"column":4},"end":{"line":31,"column":5}},"3":{"start":{"line":34,"column":15},"end":{"line":41,"column":2}}},"fnMap":{"0":{"name":"Container","decl":{"start":{"line":4,"column":16},"end":{"line":4,"column":25}},"loc":{"start":{"line":4,"column":45},"end":{"line":10,"column":1}},"line":4},"1":{"name":"Row","decl":{"start":{"line":12,"column":16},"end":{"line":12,"column":19}},"loc":{"start":{"line":12,"column":76},"end":{"line":24,"column":1}},"line":12},"2":{"name":"Col","decl":{"start":{"line":26,"column":16},"end":{"line":26,"column":19}},"loc":{"start":{"line":26,"column":39},"end":{"line":32,"column":1}},"line":26}},"branchMap":{"0":{"loc":{"start":{"line":12,"column":49},"end":{"line":12,"column":56}},"type":"default-arg","locations":[{"start":{"line":12,"column":55},"end":{"line":12,"column":56}}],"line":12},"1":{"loc":{"start":{"line":16,"column":20},"end":{"line":16,"column":56}},"type":"cond-expr","locations":[{"start":{"line":16,"column":33},"end":{"line":16,"column":43}},{"start":{"line":16,"column":46},"end":{"line":16,"column":56}}],"line":16},"2":{"loc":{"start":{"line":17,"column":24},"end":{"line":17,"column":70}},"type":"cond-expr","locations":[{"start":{"line":17,"column":41},"end":{"line":17,"column":55}},{"start":{"line":17,"column":58},"end":{"line":17,"column":70}}],"line":17}},"s":{"0":0,"1":0,"2":0,"3":1},"f":{"0":0,"1":0,"2":0},"b":{"0":[0],"1":[0,0],"2":[0,0]},"_coverageSchema":"1a1c01bbd47fc00a2c39e90264f33305004495a9","hash":"49ba2d5831cbea9d93bf26760e45fd0e77f6498a"}
,"C:\\Users\\achfa.ruapensa\\code\\car-rental-expo\\components\\ThemedText.tsx": {"path":"C:\\Users\\achfa.ruapensa\\code\\car-rental-expo\\components\\ThemedText.tsx","statementMap":{"0":{"start":{"line":18,"column":16},"end":{"line":18,"column":77}},"1":{"start":{"line":20,"column":2},"end":{"line":33,"column":4}},"2":{"start":{"line":36,"column":15},"end":{"line":60,"column":2}}},"fnMap":{"0":{"name":"ThemedText","decl":{"start":{"line":11,"column":16},"end":{"line":11,"column":26}},"loc":{"start":{"line":17,"column":20},"end":{"line":34,"column":1}},"line":17}},"branchMap":{"0":{"loc":{"start":{"line":15,"column":2},"end":{"line":15,"column":18}},"type":"default-arg","locations":[{"start":{"line":15,"column":9},"end":{"line":15,"column":18}}],"line":15},"1":{"loc":{"start":{"line":24,"column":8},"end":{"line":24,"column":55}},"type":"cond-expr","locations":[{"start":{"line":24,"column":29},"end":{"line":24,"column":43}},{"start":{"line":24,"column":46},"end":{"line":24,"column":55}}],"line":24},"2":{"loc":{"start":{"line":25,"column":8},"end":{"line":25,"column":51}},"type":"cond-expr","locations":[{"start":{"line":25,"column":27},"end":{"line":25,"column":39}},{"start":{"line":25,"column":42},"end":{"line":25,"column":51}}],"line":25},"3":{"loc":{"start":{"line":26,"column":8},"end":{"line":26,"column":71}},"type":"cond-expr","locations":[{"start":{"line":26,"column":37},"end":{"line":26,"column":59}},{"start":{"line":26,"column":62},"end":{"line":26,"column":71}}],"line":26},"4":{"loc":{"start":{"line":27,"column":8},"end":{"line":27,"column":57}},"type":"cond-expr","locations":[{"start":{"line":27,"column":30},"end":{"line":27,"column":45}},{"start":{"line":27,"column":48},"end":{"line":27,"column":57}}],"line":27},"5":{"loc":{"start":{"line":28,"column":8},"end":{"line":28,"column":49}},"type":"cond-expr","locations":[{"start":{"line":28,"column":26},"end":{"line":28,"column":37}},{"start":{"line":28,"column":40},"end":{"line":28,"column":49}}],"line":28}},"s":{"0":1,"1":1,"2":1},"f":{"0":1},"b":{"0":[1],"1":[1,0],"2":[0,1],"3":[0,1],"4":[0,1],"5":[0,1]},"_coverageSchema":"1a1c01bbd47fc00a2c39e90264f33305004495a9","hash":"94e4ec8b77d52f48e09fd7f7f95224545cbf10ce"}
,"C:\\Users\\achfa.ruapensa\\code\\car-rental-expo\\constants\\Colors.ts": {"path":"C:\\Users\\achfa.ruapensa\\code\\car-rental-expo\\constants\\Colors.ts","statementMap":{"0":{"start":{"line":6,"column":23},"end":{"line":6,"column":32}},"1":{"start":{"line":7,"column":22},"end":{"line":7,"column":28}},"2":{"start":{"line":9,"column":22},"end":{"line":26,"column":1}}},"fnMap":{},"branchMap":{},"s":{"0":1,"1":1,"2":1},"f":{},"b":{},"_coverageSchema":"1a1c01bbd47fc00a2c39e90264f33305004495a9","hash":"6d77e9b7cbaf5e611519f9cf766aa4e321bbd783"}
,"C:\\Users\\achfa.ruapensa\\code\\car-rental-expo\\hooks\\useThemeColor.ts": {"path":"C:\\Users\\achfa.ruapensa\\code\\car-rental-expo\\hooks\\useThemeColor.ts","statementMap":{"0":{"start":{"line":14,"column":16},"end":{"line":14,"column":43}},"1":{"start":{"line":15,"column":25},"end":{"line":15,"column":37}},"2":{"start":{"line":17,"column":2},"end":{"line":21,"column":3}},"3":{"start":{"line":18,"column":4},"end":{"line":18,"column":26}},"4":{"start":{"line":20,"column":4},"end":{"line":20,"column":36}}},"fnMap":{"0":{"name":"useThemeColor","decl":{"start":{"line":10,"column":16},"end":{"line":10,"column":29}},"loc":{"start":{"line":13,"column":2},"end":{"line":22,"column":1}},"line":13}},"branchMap":{"0":{"loc":{"start":{"line":14,"column":16},"end":{"line":14,"column":43}},"type":"binary-expr","locations":[{"start":{"line":14,"column":16},"end":{"line":14,"column":32}},{"start":{"line":14,"column":36},"end":{"line":14,"column":43}}],"line":14},"1":{"loc":{"start":{"line":17,"column":2},"end":{"line":21,"column":3}},"type":"if","locations":[{"start":{"line":17,"column":2},"end":{"line":21,"column":3}},{"start":{"line":19,"column":9},"end":{"line":21,"column":3}}],"line":17}},"s":{"0":1,"1":1,"2":1,"3":0,"4":1},"f":{"0":1},"b":{"0":[1,0],"1":[0,1]},"_coverageSchema":"1a1c01bbd47fc00a2c39e90264f33305004495a9","hash":"92f0dc1d2eb211932235ff7f59e4730f7572f80d"}
}
