TN:
SF:components\CarList.jsx
FN:11,CarList
FN:12,(anonymous_1)
FNF:2
FNH:0
FNDA:0,CarList
FNDA:0,(anonymous_1)
DA:6,1
DA:14,0
DA:44,1
LF:3
LH:2
BRDA:12,0,0,0
BRF:1
BRH:0
end_of_record
TN:
SF:components\Grid.jsx
FN:4,Container
FN:12,Row
FN:26,Col
FNF:3
FNH:0
FNDA:0,Container
FNDA:0,Row
FNDA:0,Col
DA:5,0
DA:13,0
DA:27,0
DA:34,1
LF:4
LH:1
BRDA:12,0,0,0
BRDA:16,1,0,0
BRDA:16,1,1,0
BRDA:17,2,0,0
BRDA:17,2,1,0
BRF:5
BRH:0
end_of_record
TN:
SF:components\ThemedText.tsx
FN:11,ThemedText
FNF:1
FNH:1
FNDA:1,ThemedText
DA:18,1
DA:20,1
DA:36,1
LF:3
LH:3
BRDA:15,0,0,1
BRDA:24,1,0,1
BRDA:24,1,1,0
BRDA:25,2,0,0
BRDA:25,2,1,1
BRDA:26,3,0,0
BRDA:26,3,1,1
BRDA:27,4,0,0
BRDA:27,4,1,1
BRDA:28,5,0,0
BRDA:28,5,1,1
BRF:11
BRH:6
end_of_record
TN:
SF:constants\Colors.ts
FNF:0
FNH:0
DA:6,1
DA:7,1
DA:9,1
LF:3
LH:3
BRF:0
BRH:0
end_of_record
TN:
SF:hooks\useThemeColor.ts
FN:10,useThemeColor
FNF:1
FNH:1
FNDA:1,useThemeColor
DA:14,1
DA:15,1
DA:17,1
DA:18,0
DA:20,1
LF:5
LH:4
BRDA:14,0,0,1
BRDA:14,0,1,0
BRDA:17,1,0,0
BRDA:17,1,1,1
BRF:4
BRH:2
end_of_record
